00000000000i[      ] Bochs x86 Emulator 2.6.9
00000000000i[      ]   Built from SVN snapshot on April 9, 2017
00000000000i[      ] Compiled on Apr 17 2017 at 19:10:43
00000000000i[      ] System configuration
00000000000i[      ]   processors: 1 (cores=1, HT threads=1)
00000000000i[      ]   A20 line support: yes
00000000000i[      ] IPS is set to 4000000
00000000000i[      ] CPU configuration
00000000000i[      ]   SMP support: no
00000000000i[      ]   level: 6
00000000000i[      ]   APIC support: xapic
00000000000i[      ]   FPU support: yes
00000000000i[      ]   MMX support: yes
00000000000i[      ]   3dnow! support: no
00000000000i[      ]   SEP support: yes
00000000000i[      ]   SIMD support: sse2
00000000000i[      ]   XSAVE support: no 
00000000000i[      ]   AES support: no
00000000000i[      ]   SHA support: no
00000000000i[      ]   MOVBE support: no
00000000000i[      ]   ADX support: no
00000000000i[      ]   x86-64 support: yes
00000000000i[      ]   1G paging support: no
00000000000i[      ]   MWAIT support: yes
00000000000i[      ]   VMX support: 1
00000000000i[      ] Optimization configuration
00000000000i[      ]   RepeatSpeedups support: yes
00000000000i[      ]   Fast function calls: yes
00000000000i[      ]   Handlers Chaining speedups: yes
00000000000i[      ] Devices configuration
00000000000i[      ]   PCI support: i440FX i430FX
00000000000i[      ]   Networking support: NE2000 E1000
00000000000i[      ]   Sound support: SB16 ES1370
00000000000i[      ]   USB support: UHCI OHCI EHCI xHCI
00000000000i[      ]   VGA extension support: vbe cirrus voodoo
00000000000i[MEM0  ] allocated memory at 0000016B53FAC040. after alignment, vector=0000016B53FAD000
00000000000i[MEM0  ] 32.00MB
00000000000i[MEM0  ] mem block size = 0x00020000, blocks=256
00000000000i[MEM0  ] rom at 0xfffe0000/131072 ('../tools/bochs/BIOS-bochs-latest')
00000000000i[PLUGIN] init_dev of 'pci' plugin device by virtual method
00000000000i[DEV   ] i440FX PMC present at device 0, function 0
00000000000i[PLUGIN] init_dev of 'pci2isa' plugin device by virtual method
00000000000i[DEV   ] PIIX3 PCI-to-ISA bridge present at device 1, function 0
00000000000i[PLUGIN] init_dev of 'cmos' plugin device by virtual method
00000000000i[CMOS  ] Using local time for initial clock
00000000000i[CMOS  ] Setting initial clock to: Thu Jan 13 19:35:03 2022 (time0=1642073703)
00000000000i[PLUGIN] init_dev of 'dma' plugin device by virtual method
00000000000i[DMA   ] channel 4 used by cascade
00000000000i[PLUGIN] init_dev of 'pic' plugin device by virtual method
00000000000i[PLUGIN] init_dev of 'pit' plugin device by virtual method
00000000000i[PLUGIN] init_dev of 'vga' plugin device by virtual method
00000000000i[MEM0  ] Register memory access handlers: 0x0000000a0000 - 0x0000000bffff
00000000000i[VGA   ] interval=200000, mode=realtime
00000000000i[MEM0  ] Register memory access handlers: 0x0000e0000000 - 0x0000e0ffffff
00000000000i[BXVGA ] VBE Bochs Display Extension Enabled
00000000000i[WINGUI] Desktop Window dimensions: 1536 x 864
00000000000i[WINGUI] Number of Mouse Buttons = 16
00000000000i[WINGUI] IME disabled
00000000000i[KEYMAP] Loading keymap from '../tools/bochs/keymaps/x11-pc-us.map'
00000000000i[KEYMAP] Loaded 168 symbols
00000000000i[MEM0  ] rom at 0xc0000/41472 ('../tools/bochs/VGABIOS-lgpl-latest')
00000000000i[PLUGIN] init_dev of 'floppy' plugin device by virtual method
00000000000i[DMA   ] channel 2 used by Floppy Drive
00000000000i[FLOPPY] Using boot sequence disk, none, none
00000000000i[FLOPPY] Floppy boot signature check is enabled
00000000000i[PLUGIN] init_dev of 'acpi' plugin device by virtual method
00000000000i[DEV   ] ACPI Controller present at device 1, function 3
00000000000i[PLUGIN] init_dev of 'ioapic' plugin device by virtual method
00000000000i[IOAPIC] initializing I/O APIC
00000000000i[MEM0  ] Register memory access handlers: 0x0000fec00000 - 0x0000fec00fff
00000000000i[IOAPIC] IOAPIC enabled (base address = 0xfec00000)
00000000000i[PLUGIN] init_dev of 'keyboard' plugin device by virtual method
00000000000i[KBD   ] will paste characters every 400 keyboard ticks
00000000000i[PLUGIN] init_dev of 'harddrv' plugin device by virtual method
00000000000i[HD    ] HD on ata0-0: 'nnos.img', 'flat' mode
00000000000i[IMG   ] hd_size: 62914560
00000000000i[HD    ] ata0-0: using specified geometry: CHS=121/16/63
00000000000i[HD    ] ata0-0: extra data outside of CHS address range
00000000000i[HD    ] translation on ata0-0 set to 'none'
00000000000i[PLUGIN] init_dev of 'pci_ide' plugin device by virtual method
00000000000i[DEV   ] PIIX3 PCI IDE controller present at device 1, function 1
00000000000i[PLUGIN] init_dev of 'unmapped' plugin device by virtual method
00000000000i[PLUGIN] init_dev of 'biosdev' plugin device by virtual method
00000000000i[PLUGIN] init_dev of 'speaker' plugin device by virtual method
00000000000i[PCSPK ] Using lowlevel sound support for output
00000000000i[PLUGIN] init_dev of 'extfpuirq' plugin device by virtual method
00000000000i[PLUGIN] init_dev of 'parallel' plugin device by virtual method
00000000000i[PAR   ] parallel port 1 at 0x0378 irq 7
00000000000i[PLUGIN] init_dev of 'serial' plugin device by virtual method
00000000000i[SER   ] com1 at 0x03f8 irq 4 (mode: null)
00000000000i[PLUGIN] init_dev of 'gameport' plugin device by virtual method
00000000000i[PLUGIN] init_dev of 'usb_uhci' plugin device by virtual method
00000000000i[DEV   ] USB UHCI present at device 1, function 2
00000000000i[UHCI  ] USB UHCI initialized
00000000000i[PLUGIN] register state of 'pci' plugin device by virtual method
00000000000i[PLUGIN] register state of 'pci2isa' plugin device by virtual method
00000000000i[PLUGIN] register state of 'cmos' plugin device by virtual method
00000000000i[PLUGIN] register state of 'dma' plugin device by virtual method
00000000000i[PLUGIN] register state of 'pic' plugin device by virtual method
00000000000i[PLUGIN] register state of 'pit' plugin device by virtual method
00000000000i[PLUGIN] register state of 'vga' plugin device by virtual method
00000000000i[PLUGIN] register state of 'floppy' plugin device by virtual method
00000000000i[PLUGIN] register state of 'unmapped' plugin device by virtual method
00000000000i[PLUGIN] register state of 'biosdev' plugin device by virtual method
00000000000i[PLUGIN] register state of 'speaker' plugin device by virtual method
00000000000i[PLUGIN] register state of 'extfpuirq' plugin device by virtual method
00000000000i[PLUGIN] register state of 'parallel' plugin device by virtual method
00000000000i[PLUGIN] register state of 'serial' plugin device by virtual method
00000000000i[PLUGIN] register state of 'gameport' plugin device by virtual method
00000000000i[PLUGIN] register state of 'usb_uhci' plugin device by virtual method
00000000000i[PLUGIN] register state of 'acpi' plugin device by virtual method
00000000000i[PLUGIN] register state of 'ioapic' plugin device by virtual method
00000000000i[PLUGIN] register state of 'keyboard' plugin device by virtual method
00000000000i[PLUGIN] register state of 'harddrv' plugin device by virtual method
00000000000i[PLUGIN] register state of 'pci_ide' plugin device by virtual method
00000000000i[SYS   ] bx_pc_system_c::Reset(HARDWARE) called
00000000000i[CPU0  ] cpu hardware reset
00000000000i[APIC0 ] allocate APIC id=0 (MMIO enabled) to 0x0000fee00000
00000000000i[CPU0  ] CPUID[0x00000000]: 00000005 756e6547 6c65746e 49656e69
00000000000i[CPU0  ] CPUID[0x00000001]: 00000633 00010800 00002028 1fcbfbff
00000000000i[CPU0  ] CPUID[0x00000002]: 00410601 00000000 00000000 00000000
00000000000i[CPU0  ] CPUID[0x00000003]: 00000000 00000000 00000000 00000000
00000000000i[CPU0  ] CPUID[0x00000004]: 00000000 00000000 00000000 00000000
00000000000i[CPU0  ] CPUID[0x00000005]: 00000040 00000040 00000003 00000020
00000000000i[CPU0  ] CPUID[0x80000000]: 80000008 00000000 00000000 00000000
00000000000i[CPU0  ] CPUID[0x80000001]: 00000000 00000000 00000101 2a100000
00000000000i[CPU0  ] CPUID[0x80000002]: 20202020 20202020 20202020 6e492020
00000000000i[CPU0  ] CPUID[0x80000003]: 286c6574 50202952 69746e65 52286d75
00000000000i[CPU0  ] CPUID[0x80000004]: 20342029 20555043 20202020 00202020
00000000000i[CPU0  ] CPUID[0x80000005]: 01ff01ff 01ff01ff 40020140 40020140
00000000000i[CPU0  ] CPUID[0x80000006]: 00000000 42004200 02008140 00000000
00000000000i[CPU0  ] CPUID[0x80000007]: 00000000 00000000 00000000 00000000
00000000000i[CPU0  ] CPUID[0x80000008]: 00003028 00000000 00000000 00000000
00000000000i[PLUGIN] reset of 'pci' plugin device by virtual method
00000000000i[PLUGIN] reset of 'pci2isa' plugin device by virtual method
00000000000i[PLUGIN] reset of 'cmos' plugin device by virtual method
00000000000i[PLUGIN] reset of 'dma' plugin device by virtual method
00000000000i[PLUGIN] reset of 'pic' plugin device by virtual method
00000000000i[PLUGIN] reset of 'pit' plugin device by virtual method
00000000000i[PLUGIN] reset of 'vga' plugin device by virtual method
00000000000i[PLUGIN] reset of 'floppy' plugin device by virtual method
00000000000i[PLUGIN] reset of 'acpi' plugin device by virtual method
00000000000i[PLUGIN] reset of 'ioapic' plugin device by virtual method
00000000000i[PLUGIN] reset of 'keyboard' plugin device by virtual method
00000000000i[PLUGIN] reset of 'harddrv' plugin device by virtual method
00000000000i[PLUGIN] reset of 'pci_ide' plugin device by virtual method
00000000000i[PLUGIN] reset of 'unmapped' plugin device by virtual method
00000000000i[PLUGIN] reset of 'biosdev' plugin device by virtual method
00000000000i[PLUGIN] reset of 'speaker' plugin device by virtual method
00000000000i[PLUGIN] reset of 'extfpuirq' plugin device by virtual method
00000000000i[PLUGIN] reset of 'parallel' plugin device by virtual method
00000000000i[PLUGIN] reset of 'serial' plugin device by virtual method
00000000000i[PLUGIN] reset of 'gameport' plugin device by virtual method
00000000000i[PLUGIN] reset of 'usb_uhci' plugin device by virtual method
00000004635i[BIOS  ] $Revision: 13073 $ $Date: 2017-02-16 22:43:52 +0100 (Do, 16. Feb 2017) $
00000318039i[KBD   ] reset-disable command received
00000320733i[BIOS  ] Starting rombios32
00000321176i[BIOS  ] Shutdown flag 0
00000321739i[BIOS  ] ram_size=0x02000000
00000322195i[BIOS  ] ram_end=32MB
00000630484i[WINGUI] dimension update x=720 y=400 fontheight=16 fontwidth=9 bpp=8
00001119353i[BIOS  ] Found 1 cpu(s)
00001133002i[BIOS  ] bios_table_addr: 0x000f9cd8 end=0x000fcc00
00001460000i[PCI   ] i440FX PMC write to PAM register 59 (TLB Flush)
00001788715i[P2ISA ] PCI IRQ routing: PIRQA# set to 0x0b
00001788741i[P2ISA ] PCI IRQ routing: PIRQB# set to 0x09
00001788741i[P2ISA ] PCI IRQ routing: PIRQC# set to 0x0b
00001788741i[P2ISA ] PCI IRQ routing: PIRQD# set to 0x09
00001788741i[P2ISA ] write: ELCR2 = 0x0a
00001789428i[BIOS  ] PIIX3/PIIX4 init: elcr=00 0a
00001797001i[BIOS  ] PCI: bus=0 devfn=0x00: vendor_id=0x8086 device_id=0x1237 class=0x0600
00001799225i[BIOS  ] PCI: bus=0 devfn=0x08: vendor_id=0x8086 device_id=0x7000 class=0x0601
00001801343i[BIOS  ] PCI: bus=0 devfn=0x09: vendor_id=0x8086 device_id=0x7010 class=0x0101
00001801894i[PIDE  ] new BM-DMA address: 0xc000
00001802433i[BIOS  ] region 4: 0x0000c000
00001804202i[BIOS  ] PCI: bus=0 devfn=0x0a: vendor_id=0x8086 device_id=0x7020 class=0x0c03
00001804714i[UHCI  ] new base address: 0xc020
00001805267i[BIOS  ] region 4: 0x0000c020
00001805450i[UHCI  ] new irq line = 9
00001807045i[BIOS  ] PCI: bus=0 devfn=0x0b: vendor_id=0x8086 device_id=0x7113 class=0x0680
00001807403i[ACPI  ] new irq line = 11
00001807631i[ACPI  ] new irq line = 9
00001807650i[ACPI  ] new PM base address: 0xb000
00001807650i[ACPI  ] new SM base address: 0xb100
00001807682i[PCI   ] setting SMRAM control register to 0x4a
00001971800i[CPU0  ] Enter to System Management Mode
00001971800i[CPU0  ] enter_system_management_mode: temporary disable VMX while in SMM mode
00001971804i[CPU0  ] RSM: Resuming from System Management Mode
00002135826i[PCI   ] setting SMRAM control register to 0x0a
00002150432i[BIOS  ] MP table addr=0x000f9db0 MPC table addr=0x000f9ce0 size=0xc8
00002152414i[BIOS  ] SMBIOS table addr=0x000f9dc0
00002154385i[BIOS  ] ACPI tables: RSDP addr=0x000f9ee0 ACPI DATA addr=0x01ff0000 size=0xf72
00002157787i[BIOS  ] Firmware waking vector 0x1ff00cc
00002159729i[PCI   ] i440FX PMC write to PAM register 59 (TLB Flush)
00002160310i[BIOS  ] bios_table_cur_addr: 0x000f9f04
00002288067i[VBIOS ] VGABios $Id: vgabios.c,v 1.76 2013/02/10 08:07:03 vruppert Exp $
00002288152i[BXVGA ] VBE known Display Interface b0c0
00002288171i[BXVGA ] VBE known Display Interface b0c5
00002291095i[VBIOS ] VBE Bios $Id: vbe.c,v 1.65 2014/07/08 18:02:25 vruppert Exp $
00002635513i[BIOS  ] ata0-0: PCHS=121/16/63 translation=none LCHS=121/16/63
00006082611i[BIOS  ] IDE time out
00018063822i[BIOS  ] Booting from 0000:7c00
00245196000p[WINGUI] >>PANIC<< POWER button turned off.
00245196000i[CPU0  ] CPU is in real mode (active)
00245196000i[CPU0  ] CS.mode = 16 bit
00245196000i[CPU0  ] SS.mode = 16 bit
00245196000i[CPU0  ] EFER   = 0x00000000
00245196000i[CPU0  ] | EAX=00001300  EBX=00001100  ECX=00090000  EDX=000001f0
00245196000i[CPU0  ] | ESP=00007bd4  EBP=00000000  ESI=00000004  EDI=00000006
00245196000i[CPU0  ] | IOPL=0 id vip vif ac vm rf nt of df if tf sf zf af pf cf
00245196000i[CPU0  ] | SEG sltr(index|ti|rpl)     base    limit G D
00245196000i[CPU0  ] |  CS:0000( 0004| 0|  0) 00000000 0000ffff 0 0
00245196000i[CPU0  ] |  DS:0000( 0005| 0|  0) 00000000 0000ffff 0 0
00245196000i[CPU0  ] |  SS:0000( 0005| 0|  0) 00000000 0000ffff 0 0
00245196000i[CPU0  ] |  ES:0000( 0005| 0|  0) 00000000 0000ffff 0 0
00245196000i[CPU0  ] |  FS:0000( 0005| 0|  0) 00000000 0000ffff 0 0
00245196000i[CPU0  ] |  GS:b800( 0005| 0|  0) 000b8000 0000ffff 0 0
00245196000i[CPU0  ] | EIP=00007b79 (00007b79)
00245196000i[CPU0  ] | CR0=0x60000010 CR2=0x00000000
00245196000i[CPU0  ] | CR3=0x00000000 CR4=0x00000000
00245196000i[CPU0  ] 0x0000000000007b79>> add byte ptr ds:[bx+si], al : 0000
00245196000i[CMOS  ] Last time is 1642073764 (Thu Jan 13 19:36:04 2022)
00245196000i[      ] restoring default signal behavior
00245196000i[SIM   ] quit_sim called with exit code 1
