     1 00000000                                 [FORMAT "WCOFF"]
     2 00000000                                 [INSTRSET "i486p"]
     3 00000000                                 [OPTIMIZE 1]
     4 00000000                                 [OPTION 1]
     5 00000000                                 [BITS 32]
     6 00000000                                 	EXTERN	__alloca
     7 00000000                                 	EXTERN	_api_window
     8 00000000                                 	EXTERN	_api_boxwin
     9 00000000                                 	EXTERN	_api_getkey
    10 00000000                                 	EXTERN	_api_return
    11 00000000                                 	EXTERN	_table.0
    12 00000000                                 	EXTERN	_api_linewin
    13 00000000                                 [FILE "lineball.c"]
    14                                          [SECTION .data]
    15 00000000                                 _table.0:
    16 00000000 000000CC                        	DD	204
    17 00000004 00000081                        	DD	129
    18 00000008 000000C3                        	DD	195
    19 0000000C 0000005A                        	DD	90
    20 00000010 000000AC                        	DD	172
    21 00000014 0000003A                        	DD	58
    22 00000018 00000089                        	DD	137
    23 0000001C 00000026                        	DD	38
    24 00000020 00000062                        	DD	98
    25 00000024 00000022                        	DD	34
    26 00000028 0000003D                        	DD	61
    27 0000002C 0000002E                        	DD	46
    28 00000030 0000001F                        	DD	31
    29 00000034 00000049                        	DD	73
    30 00000038 0000000F                        	DD	15
    31 0000003C 0000006E                        	DD	110
    32 00000040 0000000F                        	DD	15
    33 00000044 00000094                        	DD	148
    34 00000048 0000001F                        	DD	31
    35 0000004C 000000B9                        	DD	185
    36 00000050 0000003D                        	DD	61
    37 00000054 000000D4                        	DD	212
    38 00000058 00000062                        	DD	98
    39 0000005C 000000E0                        	DD	224
    40 00000060 00000089                        	DD	137
    41 00000064 000000DC                        	DD	220
    42 00000068 000000AC                        	DD	172
    43 0000006C 000000C8                        	DD	200
    44 00000070 000000C3                        	DD	195
    45 00000074 000000A8                        	DD	168
    46 00000078 000000CC                        	DD	204
    47 0000007C 00000081                        	DD	129
    48 00000080                                 LC0:
    49 00000080 4C 69 6E 65 42 61 6C 6C 00      	DB	"LineBall",0x00
    50                                          [SECTION .text]
    51 00000000                                 	GLOBAL	_NNOSMain
    52 00000000                                 _NNOSMain:
    53 00000000 55                              	PUSH	EBP
    54 00000001 B8 0000C800                     	MOV	EAX,51200
    55 00000006 89 E5                           	MOV	EBP,ESP
    56 00000008 57                              	PUSH	EDI
    57 00000009 56                              	PUSH	ESI
    58 0000000A 31 F6                           	XOR	ESI,ESI
    59 0000000C 53                              	PUSH	EBX
    60 0000000D E8 [00000000]                   	CALL	__alloca
    61 00000012 8D 85 FFFF37F4                  	LEA	EAX,DWORD [-51212+EBP]
    62 00000018 68 [00000080]                   	PUSH	LC0
    63 0000001D 6A FF                           	PUSH	-1
    64 0000001F 68 000000ED                     	PUSH	237
    65 00000024 68 000000D8                     	PUSH	216
    66 00000029 50                              	PUSH	EAX
    67 0000002A E8 [00000000]                   	CALL	_api_window
    68 0000002F 6A 00                           	PUSH	0
    69 00000031 68 000000E4                     	PUSH	228
    70 00000036 89 C7                           	MOV	EDI,EAX
    71 00000038 68 000000CF                     	PUSH	207
    72 0000003D 6A 1D                           	PUSH	29
    73 0000003F 6A 08                           	PUSH	8
    74 00000041 50                              	PUSH	EAX
    75 00000042 E8 [00000000]                   	CALL	_api_boxwin
    76 00000047 83 C4 2C                        	ADD	ESP,44
    77 0000004A                                 L13:
    78 0000004A 8D 5E 01                        	LEA	EBX,DWORD [1+ESI]
    79 0000004D 83 FB 0F                        	CMP	EBX,15
    80 00000050 7F 1C                           	JG	L19
    81 00000052                                 L12:
    82 00000052 89 DA                           	MOV	EDX,EBX
    83 00000054 29 F2                           	SUB	EDX,ESI
    84 00000056 83 FA 07                        	CMP	EDX,7
    85 00000059 7E 09                           	JLE	L10
    86 0000005B B8 0000000F                     	MOV	EAX,15
    87 00000060 29 D0                           	SUB	EAX,EDX
    88 00000062 89 C2                           	MOV	EDX,EAX
    89 00000064                                 L10:
    90 00000064 85 D2                           	TEST	EDX,EDX
    91 00000066 75 26                           	JNE	L20
    92 00000068                                 L8:
    93 00000068 43                              	INC	EBX
    94 00000069 83 FB 0F                        	CMP	EBX,15
    95 0000006C 7E E4                           	JLE	L12
    96 0000006E                                 L19:
    97 0000006E 46                              	INC	ESI
    98 0000006F 83 FE 0E                        	CMP	ESI,14
    99 00000072 7E D6                           	JLE	L13
   100 00000074                                 L14:
   101 00000074 6A 01                           	PUSH	1
   102 00000076 E8 [00000000]                   	CALL	_api_getkey
   103 0000007B 5A                              	POP	EDX
   104 0000007C 83 F8 0A                        	CMP	EAX,10
   105 0000007F 75 F3                           	JNE	L14
   106 00000081 E8 [00000000]                   	CALL	_api_return
   107 00000086 8D 65 F4                        	LEA	ESP,DWORD [-12+EBP]
   108 00000089 5B                              	POP	EBX
   109 0000008A 5E                              	POP	ESI
   110 0000008B 5F                              	POP	EDI
   111 0000008C 5D                              	POP	EBP
   112 0000008D C3                              	RET
   113 0000008E                                 L20:
   114 0000008E B8 00000008                     	MOV	EAX,8
   115 00000093 29 D0                           	SUB	EAX,EDX
   116 00000095 50                              	PUSH	EAX
   117 00000096 B8 [00000000]                   	MOV	EAX,_table.0
   118 0000009B FF 74 D8 04                     	PUSH	DWORD [4+EAX+EBX*8]
   119 0000009F FF 34 D8                        	PUSH	DWORD [EAX+EBX*8]
   120 000000A2 FF 74 F0 04                     	PUSH	DWORD [4+EAX+ESI*8]
   121 000000A6 FF 34 F0                        	PUSH	DWORD [EAX+ESI*8]
   122 000000A9 57                              	PUSH	EDI
   123 000000AA E8 [00000000]                   	CALL	_api_linewin
   124 000000AF 83 C4 18                        	ADD	ESP,24
   125 000000B2 EB B4                           	JMP	L8
