     1 00000000                                 [FORMAT "WCOFF"]
     2 00000000                                 [INSTRSET "i486p"]
     3 00000000                                 [OPTIMIZE 1]
     4 00000000                                 [OPTION 1]
     5 00000000                                 [BITS 32]
     6 00000000                                 	EXTERN	_api_initmalloc
     7 00000000                                 	EXTERN	_api_malloc
     8 00000000                                 	EXTERN	_api_window
     9 00000000                                 	EXTERN	_api_boxwin
    10 00000000                                 	EXTERN	_rand
    11 00000000                                 	EXTERN	_api_point
    12 00000000                                 	EXTERN	_api_ascwin
    13 00000000                                 	EXTERN	_api_closewin
    14 00000000                                 	EXTERN	_api_return
    15 00000000                                 	EXTERN	_api_getkey
    16 00000000                                 [FILE "snake.c"]
    17                                          [SECTION .data]
    18 00000000                                 LC0:
    19 00000000 53 6E 61 6B 65 00               	DB	"Snake",0x00
    20 00000006                                 LC1:
    21 00000006 2A 00                           	DB	"*",0x00
    22                                          [SECTION .text]
    23 00000000                                 	GLOBAL	_NNOSMain
    24 00000000                                 _NNOSMain:
    25 00000000 55                              	PUSH	EBP
    26 00000001 89 E5                           	MOV	EBP,ESP
    27 00000003 57                              	PUSH	EDI
    28 00000004 56                              	PUSH	ESI
    29 00000005 BF 00000014                     	MOV	EDI,20
    30 0000000A 53                              	PUSH	EBX
    31 0000000B 52                              	PUSH	EDX
    32 0000000C 52                              	PUSH	EDX
    33 0000000D C7 45 EC 00000001               	MOV	DWORD [-20+EBP],1
    34 00000014 E8 [00000000]                   	CALL	_api_initmalloc
    35 00000019 68 00003E80                     	PUSH	16000
    36 0000001E E8 [00000000]                   	CALL	_api_malloc
    37 00000023 68 [00000000]                   	PUSH	LC0
    38 00000028 6A FF                           	PUSH	-1
    39 0000002A 6A 64                           	PUSH	100
    40 0000002C 68 000000A0                     	PUSH	160
    41 00000031 50                              	PUSH	EAX
    42 00000032 E8 [00000000]                   	CALL	_api_window
    43 00000037 89 45 F0                        	MOV	DWORD [-16+EBP],EAX
    44 0000003A 6A 00                           	PUSH	0
    45 0000003C 6A 5F                           	PUSH	95
    46 0000003E 68 0000009B                     	PUSH	155
    47 00000043 6A 19                           	PUSH	25
    48 00000045 6A 05                           	PUSH	5
    49 00000047 50                              	PUSH	EAX
    50 00000048 E8 [00000000]                   	CALL	_api_boxwin
    51 0000004D 83 C4 30                        	ADD	ESP,48
    52 00000050                                 L6:
    53 00000050 E8 [00000000]                   	CALL	_rand
    54 00000055 BA 000000A0                     	MOV	EDX,160
    55 0000005A 89 D1                           	MOV	ECX,EDX
    56 0000005C 99                              	CDQ
    57 0000005D F7 F9                           	IDIV	ECX
    58 0000005F 8D 72 F4                        	LEA	ESI,DWORD [-12+EDX]
    59 00000062 E8 [00000000]                   	CALL	_rand
    60 00000067 BA 00000064                     	MOV	EDX,100
    61 0000006C 89 D1                           	MOV	ECX,EDX
    62 0000006E 99                              	CDQ
    63 0000006F F7 F9                           	IDIV	ECX
    64 00000071 8D 5A FE                        	LEA	EBX,DWORD [-2+EDX]
    65 00000074 E8 [00000000]                   	CALL	_rand
    66 00000079 BA 00000019                     	MOV	EDX,25
    67 0000007E 89 D1                           	MOV	ECX,EDX
    68 00000080 99                              	CDQ
    69 00000081 F7 F9                           	IDIV	ECX
    70 00000083 42                              	INC	EDX
    71 00000084 52                              	PUSH	EDX
    72 00000085 53                              	PUSH	EBX
    73 00000086 56                              	PUSH	ESI
    74 00000087 FF 75 F0                        	PUSH	DWORD [-16+EBP]
    75 0000008A E8 [00000000]                   	CALL	_api_point
    76 0000008F 83 C4 10                        	ADD	ESP,16
    77 00000092 4F                              	DEC	EDI
    78 00000093 79 BB                           	JNS	L6
    79 00000095 68 [00000006]                   	PUSH	LC1
    80 0000009A BE 00000050                     	MOV	ESI,80
    81 0000009F 6A 01                           	PUSH	1
    82 000000A1 BB 0000003C                     	MOV	EBX,60
    83 000000A6 6A 04                           	PUSH	4
    84 000000A8 6A 3C                           	PUSH	60
    85 000000AA 6A 50                           	PUSH	80
    86 000000AC FF 75 F0                        	PUSH	DWORD [-16+EBP]
    87 000000AF E8 [00000000]                   	CALL	_api_ascwin
    88 000000B4 83 C4 18                        	ADD	ESP,24
    89 000000B7 83 7D EC 01                     	CMP	DWORD [-20+EBP],1
    90 000000BB 74 15                           	JE	L22
    91 000000BD                                 L26:
    92 000000BD FF 75 F0                        	PUSH	DWORD [-16+EBP]
    93 000000C0 E8 [00000000]                   	CALL	_api_closewin
    94 000000C5 58                              	POP	EAX
    95 000000C6 8D 65 F4                        	LEA	ESP,DWORD [-12+EBP]
    96 000000C9 5B                              	POP	EBX
    97 000000CA 5E                              	POP	ESI
    98 000000CB 5F                              	POP	EDI
    99 000000CC 5D                              	POP	EBP
   100 000000CD E9 [00000000]                   	JMP	_api_return
   101 000000D2                                 L22:
   102 000000D2 6A 01                           	PUSH	1
   103 000000D4 E8 [00000000]                   	CALL	_api_getkey
   104 000000D9 68 [00000006]                   	PUSH	LC1
   105 000000DE 6A 01                           	PUSH	1
   106 000000E0 89 C7                           	MOV	EDI,EAX
   107 000000E2 6A 00                           	PUSH	0
   108 000000E4 53                              	PUSH	EBX
   109 000000E5 56                              	PUSH	ESI
   110 000000E6 FF 75 F0                        	PUSH	DWORD [-16+EBP]
   111 000000E9 E8 [00000000]                   	CALL	_api_ascwin
   112 000000EE 8D 47 F6                        	LEA	EAX,DWORD [-10+EDI]
   113 000000F1 83 C4 1C                        	ADD	ESP,28
   114 000000F4 83 F8 2E                        	CMP	EAX,46
   115 000000F7 77 0F                           	JA	L10
   116 000000F9 FF 24 85 [00000008]             	JMP	DWORD [L20+EAX*4]
   117                                          [SECTION .data]
   118 00000008                                 	ALIGNB	4
   119 00000008                                 L20:
   120 00000008 [00000126]                      	DD	L19
   121 0000000C [00000108]                      	DD	L10
   122 00000010 [00000108]                      	DD	L10
   123 00000014 [00000108]                      	DD	L10
   124 00000018 [00000108]                      	DD	L10
   125 0000001C [00000108]                      	DD	L10
   126 00000020 [00000108]                      	DD	L10
   127 00000024 [00000108]                      	DD	L10
   128 00000028 [00000108]                      	DD	L10
   129 0000002C [00000108]                      	DD	L10
   130 00000030 [00000108]                      	DD	L10
   131 00000034 [00000108]                      	DD	L10
   132 00000038 [00000108]                      	DD	L10
   133 0000003C [00000108]                      	DD	L10
   134 00000040 [00000108]                      	DD	L10
   135 00000044 [00000108]                      	DD	L10
   136 00000048 [00000108]                      	DD	L10
   137 0000004C [00000108]                      	DD	L10
   138 00000050 [00000108]                      	DD	L10
   139 00000054 [00000108]                      	DD	L10
   140 00000058 [00000108]                      	DD	L10
   141 0000005C [00000108]                      	DD	L10
   142 00000060 [00000108]                      	DD	L10
   143 00000064 [00000108]                      	DD	L10
   144 00000068 [00000108]                      	DD	L10
   145 0000006C [00000108]                      	DD	L10
   146 00000070 [00000108]                      	DD	L10
   147 00000074 [00000108]                      	DD	L10
   148 00000078 [00000108]                      	DD	L10
   149 0000007C [00000108]                      	DD	L10
   150 00000080 [00000108]                      	DD	L10
   151 00000084 [00000108]                      	DD	L10
   152 00000088 [00000108]                      	DD	L10
   153 0000008C [00000108]                      	DD	L10
   154 00000090 [00000108]                      	DD	L10
   155 00000094 [00000108]                      	DD	L10
   156 00000098 [00000108]                      	DD	L10
   157 0000009C [00000108]                      	DD	L10
   158 000000A0 [00000108]                      	DD	L10
   159 000000A4 [00000108]                      	DD	L10
   160 000000A8 [0000012F]                      	DD	L17
   161 000000AC [00000108]                      	DD	L10
   162 000000B0 [00000100]                      	DD	L11
   163 000000B4 [00000108]                      	DD	L10
   164 000000B8 [00000139]                      	DD	L13
   165 000000BC [00000108]                      	DD	L10
   166 000000C0 [00000146]                      	DD	L15
   167                                          [SECTION .text]
   168 00000100                                 L11:
   169 00000100 83 FE 0B                        	CMP	ESI,11
   170 00000103 7E 03                           	JLE	L10
   171 00000105 83 EE 08                        	SUB	ESI,8
   172 00000108                                 L10:
   173 00000108 68 [00000006]                   	PUSH	LC1
   174 0000010D 6A 01                           	PUSH	1
   175 0000010F 6A 04                           	PUSH	4
   176 00000111 53                              	PUSH	EBX
   177 00000112 56                              	PUSH	ESI
   178 00000113 FF 75 F0                        	PUSH	DWORD [-16+EBP]
   179 00000116 E8 [00000000]                   	CALL	_api_ascwin
   180 0000011B 83 C4 18                        	ADD	ESP,24
   181 0000011E 83 7D EC 01                     	CMP	DWORD [-20+EBP],1
   182 00000122 74 AE                           	JE	L22
   183 00000124 EB 97                           	JMP	L26
   184 00000126                                 L19:
   185 00000126 C7 45 EC 00000000               	MOV	DWORD [-20+EBP],0
   186 0000012D EB D9                           	JMP	L10
   187 0000012F                                 L17:
   188 0000012F 83 FB 4C                        	CMP	EBX,76
   189 00000132 7F D4                           	JG	L10
   190 00000134 83 C3 08                        	ADD	EBX,8
   191 00000137 EB CF                           	JMP	L10
   192 00000139                                 L13:
   193 00000139 81 FE 0000008F                  	CMP	ESI,143
   194 0000013F 7F C7                           	JG	L10
   195 00000141 83 C6 08                        	ADD	ESI,8
   196 00000144 EB C2                           	JMP	L10
   197 00000146                                 L15:
   198 00000146 83 FB 1A                        	CMP	EBX,26
   199 00000149 7E BD                           	JLE	L10
   200 0000014B 83 EB 08                        	SUB	EBX,8
   201 0000014E EB B8                           	JMP	L10
