     1 00000000                                 [FORMAT "WCOFF"]
     2 00000000                                 [INSTRSET "i486p"]
     3 00000000                                 [BITS 32]
     4 00000000                                 [FILE "api005.nas"]
     5 00000000                                 
     6 00000000                                 		GLOBAL	_api_window
     7 00000000                                 
     8                                          [SECTION .text]
     9 00000000                                 
    10 00000000                                 _api_window:	; int api_window(char *buf, int xsiz, int ysiz, int col_inv, char *title);
    11 00000000 57                              		PUSH	EDI
    12 00000001 56                              		PUSH	ESI
    13 00000002 53                              		PUSH	EBX
    14 00000003 BA 00000005                     		MOV		EDX,5
    15 00000008 8B 5C 24 10                     		MOV		EBX,[ESP+16]	; buf
    16 0000000C 8B 74 24 14                     		MOV		ESI,[ESP+20]	; xsiz
    17 00000010 8B 7C 24 18                     		MOV		EDI,[ESP+24]	; ysiz
    18 00000014 8B 44 24 1C                     		MOV		EAX,[ESP+28]	; col_inv
    19 00000018 8B 4C 24 20                     		MOV		ECX,[ESP+32]	; title
    20 0000001C CD 40                           		INT		0x40
    21 0000001E 5B                              		POP		EBX
    22 0000001F 5E                              		POP		ESI
    23 00000020 5F                              		POP		EDI
    24 00000021 C3                              		RET
