     1 00000000                                 [FORMAT "WCOFF"]
     2 00000000                                 [INSTRSET "i486p"]
     3 00000000                                 [OPTIMIZE 1]
     4 00000000                                 [OPTION 1]
     5 00000000                                 [BITS 32]
     6 00000000                                 	EXTERN	_api_printc
     7 00000000                                 [FILE "putchar.c"]
     8                                          [SECTION .text]
     9 00000000                                 	GLOBAL	_putchar
    10 00000000                                 _putchar:
    11 00000000 55                              	PUSH	EBP
    12 00000001 89 E5                           	MOV	EBP,ESP
    13 00000003 53                              	PUSH	EBX
    14 00000004 8B 5D 08                        	MOV	EBX,DWORD [8+EBP]
    15 00000007 53                              	PUSH	EBX
    16 00000008 E8 [00000000]                   	CALL	_api_printc
    17 0000000D 89 D8                           	MOV	EAX,EBX
    18 0000000F 8B 5D FC                        	MOV	EBX,DWORD [-4+EBP]
    19 00000012 C9                              	LEAVE
    20 00000013 C3                              	RET
