;===========================================================
;                   升级日志
;===========================================================
*======================NNOS-34d=============================
*#新增设备管理器（图形化，未完成）
*#新增文件浏览器（图形化，未完成）
*#新增生命游戏（移植未完成）
*#支持文件写入（未完成）
*-----------------------------------------------------------
* ·日期：2019-5-1~5      作者：年年软件
*===========================================================
*======================NNOS-34c=============================
*#新增网卡驱动（移植自GNU/Linux）[移植失败，推迟]
*#移除MemeryCheck窗口
*#移除DeviceCode窗口
*#支持简单文件删除
*#文件系统新增del(或rm)指令
*#支持右键快速打开控制台
*#新增多个异常处理
*-----------------------------------------------------------
* ·日期：2019-5-1      作者：年年软件
*===========================================================
*======================NNOS-34b=============================
*#新增《送别》MML曲谱
*-----------------------------------------------------------
* ·日期：2019-4-26      作者：年年软件
*===========================================================
*======================NNOS-34a=============================
*#新增关机指令
*#尝试修复汉字显示引擎（失败，继续推迟）
*#尝试新增桌面背景图片显示引擎（失败，推迟）
*-----------------------------------------------------------
* ·日期：2019-4-26      作者：年年软件
*===========================================================
*======================NNOS-33c&d&e&f=======================
*#新增MML音乐播放器应用程序music.nex
*#新增图片查看器picture.nex
*#优化alienwar.nex，缩小体积
*-----------------------------------------------------------
* ·日期：2019-4-25      作者：年年软件
*===========================================================
*======================NNOS-33a&b===========================
*#新增控制台计算器应用程序caltor
*#新增文本编辑器notepad
*-----------------------------------------------------------
* ·日期：2019-4-25      作者：年年软件
*===========================================================
*======================NNOS-32c&d&e=========================
*#建立基本标准函数库
*#新增标准输出函数printf()、putchar()、malloc()、free()
*#新增标准函数exit()
*#新增不规则矩形应用程序anbox.nex
*#新增彩线球体应用程序lineball.nex
*#新增外星人战争小游戏alienwar.nex
*-----------------------------------------------------------
* ·日期：2019-4-25      作者：年年软件
*===========================================================
*======================NNOS-32a&b===========================
*#支持压缩、解压缩文件
*#新增压缩、解压缩应用程序
*#新增压缩、解压缩控制台命令(全部略过、推迟)
*-----------------------------------------------------------
* ·日期：2019-4-25      作者：年年软件
*===========================================================
*======================NNOS-31e&f&g=========================
*#支持拓展字库
*#支持日文显示（按教材测试，为中文显示做准备）
*#引入GB2312标准的HZK16字体库
*#支持中文显示（失败，推迟）
*-----------------------------------------------------------
* ·日期：2019-4-24      作者：年年软件
*===========================================================
*======================NNOS-31d=============================
*#新增获取命令行输入API
*#新增VIM应用程序
*#支持缺省run命令运行可执行文件
*#支持缺省拓展名运行可执行文件
*-----------------------------------------------------------
* ·日期：2019-4-24      作者：年年软件
*===========================================================
*======================NNOS-31b&c===========================
*#完善文件管理系统
*#新增文件操作（查找、打开、读取、关闭）API
*#新增文件读取应用程序
*-----------------------------------------------------------
* ·日期：2019-4-24      作者：年年软件
*===========================================================
*======================NNOS-31a=============================
*#清理源文件注释
*#整理源文件
*#尝试重构文件结构、升级Makefile（失败，计划推迟）
*#新增alloca补丁，用于兼容C语言对栈的操作
*-----------------------------------------------------------
* ·日期：2019-4-23~24      作者：年年软件
*===========================================================
*======================NNOS-30g&h===========================
*#清理源文件注释
*#整理源文件
*-----------------------------------------------------------
* ·日期：2019-4-21      作者：年年软件
*===========================================================
*======================NNOS-30e&f===========================
*#优化应用程序编译连接，减小应用程序体积（略）
*#拆分API（略）
*#生成API库（apilib.lib），代替api.obj，减小应用体积
*#最大限度运用结构化编程优势
*-----------------------------------------------------------
* ·日期：2019-4-20      作者：年年软件
*===========================================================
*======================NNOS-30a&b&c&d=======================
*#程序运行时关闭控制台（略）
*#新增LDT（Local segment descriptor table）
* ,容量64KB，8192个段，本系统只设置两个LDT段，16字节于TASK
*#利用LDT阻止病毒程序攻击其他应用程序（产生一般保护异常）
*-----------------------------------------------------------
* ·日期：2019-4-20      作者：年年软件
*===========================================================
*======================NNOS-29j=============================
*#新增ncst命令（略过）
*-----------------------------------------------------------
* ·日期：2019-4-20      作者：年年软件
*===========================================================
*======================NNOS-29g&h&i=========================
*#支持关闭控制台
*#新增exit命令
*#支持鼠标关闭控制台
*#新增start命令，启动控制台
*#无命令时输入字符默认为可执行程序
*-----------------------------------------------------------
* ·日期：2019-4-20      作者：年年软件
*===========================================================
*======================NNOS-29e&f===========================
*#默认开启一个控制台
*#支持使用Shift+F2打开多个控制台
*-----------------------------------------------------------
* ·日期：2019-4-20      作者：年年软件
*===========================================================
*======================NNOS-29b&c&d=========================
*#继续优化图层刷新处理，提高速度
*#利用寄存器原理优化图层处理算法
*#窗口大小、坐标使用4Byte对齐
*#优化通用缓冲区数据处理逻辑
*-----------------------------------------------------------
* ·日期：2019-4-20      作者：年年软件
*===========================================================
*======================NNOS-29a=============================
*#再次提高窗口移动速度
*#优化图层刷新引擎
*-----------------------------------------------------------
* ·日期：2019-4-20      作者：年年软件
*===========================================================
*======================NNOS-28j=============================
*#将task缓冲区初始化语句移动到主函数，预防潜在休眠崩溃风险
*-----------------------------------------------------------
* ·日期：2019-4-20      作者：年年软件
*===========================================================
*======================NNOS-28i=============================
*#移除无法关闭的输入框“Word”
*-----------------------------------------------------------
* ·日期：2019-4-20      作者：年年软件
*===========================================================
*======================NNOS-28e&f&g&h=======================
*#支持同时打开多个命令行
*-----------------------------------------------------------
* ·日期：2019-4-20      作者：年年软件
*===========================================================
*======================NNOS-28b&c&d=========================
*#升级调色板
*#支持更多颜色
*#使用算法增加色阶
*#修正图层图形显示位置
*#新打开的窗口默认显示在最前端
*-----------------------------------------------------------
* ·日期：2019-4-20      作者：年年软件
*===========================================================
*======================NNOS-28a=============================
*#支持蜂鸣器发声
*#清理源文件注释
*-----------------------------------------------------------
* ·日期：2019-4-19      作者：年年软件
*===========================================================
*======================NNOS-27h=============================
*#支持自动释放定时器
*#清理源文件注释
*#新增计时器应用
*#彻底修复应用程序段访问异常漏洞（KB00000008）
*-----------------------------------------------------------
* ·日期：2019-4-17~19      作者：年年软件
*===========================================================
*======================NNOS-27g=============================
*#新增定时器API
*#清理源文件注释
*-----------------------------------------------------------
* ·日期：2019-4-17      作者：年年软件
*===========================================================
*======================NNOS-27e&f===========================
*#支持复杂光标切换
*#支持复杂窗口鼠标切换
*#继续尝试修复内存段访问异常漏洞(KB00000008)
*-----------------------------------------------------------
* ·日期：2019-4-17      作者：年年软件
*===========================================================
*======================NNOS-27a&b&c&d=======================
*#支持复杂窗口切换
*#支持复杂窗口移动
*#支持鼠标关闭窗口
*-----------------------------------------------------------
* ·日期：2019-4-16      作者：年年软件
*===========================================================
*======================NNOS-26f&g&h=========================
*#支持应用程序接收用户输入
*#支持关闭窗口
*#支持强制关闭窗口
*#修复应用程序内存段访问异常漏洞(KB00000008)
*#新增应用程序"Snake"（贪吃蛇）
*-----------------------------------------------------------
* ·日期：2019-4-16      作者：年年软件
*===========================================================
*======================NNOS-26c&d&e=========================
*#新增窗口刷新API
*#降低应用程序窗口刷新频率
*#新增直线绘制API
*#继续尝试修复漏洞KB00000007
*-----------------------------------------------------------
* ·日期：2019-4-15      作者：年年软件
*===========================================================
*======================NNOS-26a&b===========================
*#增加应用程序内存申请API
*#新增像素点绘制API
*#初步修复内存释放溢出漏洞(KB00000007)
*-----------------------------------------------------------
* ·日期：2019-4-11、15      作者：年年软件
*===========================================================
*======================NNOS-25f&g===========================
*#支持应用程序可视化
*#增加应用程序内存申请API
*#窗口应用程序实例测试
*-----------------------------------------------------------
* ·日期：2019-4-10~11      作者：年年软件
*===========================================================
*======================NNOS-25e=============================
*#显示字符串API测试完善
*#修改.nex编译程序，重置标识
*#修改.sys编译程序，重置标识
*-----------------------------------------------------------
* ·日期：2019-4-10      作者：年年软件
*===========================================================
*======================NNOS-25b&c&d=========================
*#系统保护白盒测试
*#支持显示字符串的API
*#取消控制台应用程序修正（已无必要）
*-----------------------------------------------------------
* ·日期：2019-4-10      作者：年年软件
*===========================================================
*======================NNOS-25a=============================
*#攻防测试
*-----------------------------------------------------------
* ·日期：2019-4-9      作者：年年软件
*===========================================================
*======================NNOS-24f&g===========================
*#保护操作系统，防止应用程序执行越权指令
*#屏蔽DS寄存器攻击
*-----------------------------------------------------------
* ·日期：2019-4-9      作者：年年软件
*===========================================================
*======================NNOS-24e=============================
*#保护操作系统，防止应用程序执行越权指令
*-----------------------------------------------------------
* ·日期：2019-4-9      作者：年年软件
*===========================================================
*======================NNOS-24d=============================
*#保护操作系统，防止应用程序执行越权指令
*#应用程序段与系统段分开
*-----------------------------------------------------------
* ·日期：2019-4-6      作者：年年软件
*===========================================================
*[备注]1*8 OS Data;2*8 OS Code;1003*8 AppCode;1004*8 AppDate
*===========================================================
*======================NNOS-24b&c===========================
*#支持使用C语言编写应用程序
*-----------------------------------------------------------
* ·日期：2019-4-6      作者：年年软件
*===========================================================
*======================NNOS-24a=============================
*#解决字符串显示API存在的问题（应用程序字符串无法显示）
*#清理源文件注释
*-----------------------------------------------------------
* ·日期：2019-4-6      作者：年年软件
*===========================================================
*======================NNOS-23e&f&g&h=======================
*#通过IRQ提供API
*#注册处理API中断的IDT
*#使用sysprint系列函数代替所有sysprint之外的labelDraw
*#注册系统API中断处理函数sys_api，为API提供统一接口
*#为所有API函数设置功能号，测试
*-----------------------------------------------------------
* ·日期：2019-4-6      作者：年年软件
*===========================================================
*======================NNOS-23a&b&c&d=======================
*#完善进程管理
*#完善系统调用
*#新增API（Application Programming Interface,应用程序编程接口）
*#修复'type'指令换行异常
*#'conslole.c'源码重构
*#清理源文件注释
*#解决控制台清屏覆盖窗口标题栏的问题
*#解决换行逐行逼近覆盖字符的问题
*#修复控制台所有换行、滚屏算法的变量错误
*#增加测试程序API
*#支持应用程序结束运行
*#使用应用程序调用系统API在控制台输出字符
*-----------------------------------------------------------
* ·日期：2019-4-5      作者：年年软件
*===========================================================
*======================NNOS-22d&e===========================
*#分割源文件
*#新增'console.c'，存放控制台相关函数
*#新增'flie.c'，存放文件处理相关函数
*#新增'service.c'，存放服务相关函数
*#新增'string.c'，存放字符串处理相关函数
*#清理源文件注释
*#支持简单应用程序，拓展名规定为'nex'
*#新增引用程序'hlt.nex'
*-----------------------------------------------------------
* ·日期：2019-4-5      作者：年年软件
*===========================================================
*======================NNOS-22c=============================
*#支持FAT
*-----------------------------------------------------------
* ·日期：2019-4-5      作者：年年软件
*======================NNOS-22b=============================
*#处理特殊字符
*#清理源文件注释
*-----------------------------------------------------------
* ·日期：2019-4-3~4      作者：年年软件
*===========================================================
*======================NNOS-22a=============================
*#控制台增加'type'命令
*#支持FAT文件系统基本管理功能
*#重写'type'命令
*#修复文件信息取内存污染漏洞（KB00000005）
*#解决无拓展名文件'type'无效的问题
*-----------------------------------------------------------
* ·日期：2019-4-3~4      作者：年年软件
*===========================================================
*======================NNOS-21g=============================
*#显示磁盘数据
*#控制台新增'dir'或'ls'命令
*#新增'version'和'sysinfo'命令
*#修复控制台显存污染漏洞
*#控制台无效字符提示引用省略
*#将996ICU协议封装入系统镜像
*-----------------------------------------------------------
* ·日期：2019-4-3~4      作者：年年软件
*===========================================================
*======================NNOS-21e&f===========================
*#控制台支持命令执行
*#新增内存查询指令'mem'或'free'
*#新增清屏命令'cls'或'clear'
*-----------------------------------------------------------
* ·日期：2019-4-3      作者：年年软件
*===========================================================
*======================NNOS-21d=============================
*#控制台支持滚动显示
*-----------------------------------------------------------
* ·日期：2019-4-3      作者：年年软件
*===========================================================
*======================NNOS-21a&b&c=========================
*#光标闪烁改进
*#响应回车键
*#源代码注释清理
*-----------------------------------------------------------
* ·日期：2019-4-3      作者：年年软件
*===========================================================
*======================NNOS-20e&f===========================
*#完善键盘字符映射表
*#为项目添加996ICU_LICENSE_CN，支持反996运动
*#支持大小写切换、支持键盘LED灯状态控制
*-----------------------------------------------------------
* ·日期：2019-4-3      作者：年年软件
*===========================================================
*======================NNOS-20d=============================
*#控制台支持字符输入
*#支持基本多窗口切换和基本多窗口字符输入
*-----------------------------------------------------------
* ·日期：2019-4-2~3      作者：年年软件
*===========================================================
*======================NNOS-20c=============================
*#新增控制台
*#清理源代码注释
*-----------------------------------------------------------
* ·日期：2019-4-2      作者：年年软件
*===========================================================
*======================NNOS-20b=============================
*#新增控制台
*#清理源代码注释
*-----------------------------------------------------------
* ·日期：2019-4-2      作者：年年软件
*===========================================================
*======================NNOS-20a=============================
*#新增空闲任务，防止空任务状态休眠任务无法被唤醒
*-----------------------------------------------------------
* ·日期：2019-4-2      作者：年年软件
*===========================================================
*======================NNOS-19d&e===========================
*#新增优先级队列
*-----------------------------------------------------------
* ·日期：2019-4-2      作者：年年软件
*===========================================================
*======================NNOS-19c=============================
*#增加窗口，支持同一程序的多个实例
*#清理源代码注释
*#支持U盘启动，支持物理机运行
*-----------------------------------------------------------
* ·日期：2019-4-1      作者：年年软件
*===========================================================
*======================NNOS-19b=============================
*#任务休眠
*#更改32位FIFO缓冲区结构体，新增任务自动唤醒标志位
*#休眠后的性能测试
*-----------------------------------------------------------
* ·日期：2019-3-31      作者：年年软件
*===========================================================
*======================NNOS-19a=============================
*#任务管理器自动化
*#清理源文件注释
*-----------------------------------------------------------
* ·日期：2019-3-31      作者：年年软件
*===========================================================
*======================NNOS-18f=============================
*#分离多任务模块，整合与task.c
*#多任务自动化
*-----------------------------------------------------------
* ·日期：2019-3-31      作者：年年软件
*===========================================================
*======================NNOS-18e=============================
*#加快多任务处理速度
*#多任务性能测试
*-----------------------------------------------------------
* ·日期：2019-3-31      作者：年年软件
*===========================================================
*===================NNOS-18a&b&c&d==========================
*#支持简单多任务
*#支持多任务显示
*#多任务性能测试
*-----------------------------------------------------------
* ·日期：2019-3-25、30      作者：年年软件
*===========================================================
*===================NNOS-17i================================
*#支持追加输入
*#支持简单文本编辑
*-----------------------------------------------------------
* ·日期：2019-3-25      作者：年年软件
*===========================================================
*===================NNOS-17f&h==============================
*#支持键盘输入
*#支持简单窗口移动
*-----------------------------------------------------------
* ·日期：2019-3-24      作者：年年软件
*===========================================================
*===================NNOS-17a&b&c&d&e========================
*#第3次性能测试
*#支持高分辨率
*#清理源代码注释
*#修复syshead不支持80486汇编语法的bug
*#升级getnas以支持扩充的syshead
*-----------------------------------------------------------
* ·日期：2019-3-24      作者：年年软件
*===========================================================
*===================NNOS-16i================================
*#精简定时器中断控制算法
*#精简定时器设定算法
*#修复缓冲区溢出漏洞
*-----------------------------------------------------------
* ·日期：2019-3-23~24      作者：年年软件
*===========================================================
*===================NNOS-16h================================
*#进一步优化中断处理，加快中断处理速度
*#优化定时器，加快定时器速度
*#清理程序注释
*#改进测试方法并进行性能测试、前后性能对比
*-----------------------------------------------------------
* ·日期：2019-3-23      作者：年年软件
*===========================================================
*===================NNOS-16g================================
*#进一步优化FIFO缓冲区
*#合并键盘、鼠标和PIT缓冲区，使用不同信号代表相应中断
*#新增32位通用缓冲区
*#新增32位通用缓冲区处理引擎
*#修复0.10f版本以来的无限重启漏洞(KB00000002)
*-----------------------------------------------------------
* ·日期：2019-3-22~23      作者：年年软件
*===========================================================
*[缓冲区信号规定]
*0~1		光标闪烁
*3			3秒定时器
*10		10秒定时器
*256~511	键盘输入（键盘控制器读入的值加256）
*512~767	鼠标输入 （键盘控制器读入值加512）
*===========================================================
*===================NNOS-16c&d&e&f==========================
*#系统性能测试
*-----------------------------------------------------------
* ·日期：2019-3-22      作者：年年软件
*===========================================================
* [测试备注]定时器测试 系统版本0.16ac	测试用机器：qemu虚拟机
* [测试方式]在中断处理前执行累加，10秒后输出累加值(3秒归零)
* [测试结果]
* 		序号	值
*		 1		711
*		 2		708
*		 3		710
*		 4		711
*		 5		709
* [测试结论]累加值在710上下波动，最大偏差为-2，在误差允许范围
*			 内，系统稳定性符合要求。
* ===========================================================
*===================NNOS-16a&b=============================
*#简化字符串绘制
*#清理源文件注释
*#修改色块绘制函数名
*#精简缓冲区
*#精简定时器
*#新增标签绘制函数lableDraw();
*-----------------------------------------------------------
* ·日期：2019-3-22      作者：年年软件
*===========================================================
*===================NNOS-15e&f&g============================
*#加快中断处理速度
*-----------------------------------------------------------
* ·日期：2019-3-21      作者：年年软件
*===========================================================
*===================NNOS-15a&b&c&d==========================
*#支持PIT(可编程间隔定时器)
*#新增定时器管理，timer.c
*#重构BOX结构体，调整坐标顺序，重构涉及BOX的所有源代码
*-----------------------------------------------------------
* ·日期：2019-3-21      作者：年年软件
*===========================================================
*===================NNOS-14e&f&h============================
*#系统阶段性测试
*#消除图层刷新闪烁
*-----------------------------------------------------------
* ·日期：2019-3-21      作者：年年软件
*===========================================================
*===================NNOS-14a&b&c&d==========================
*#修复屏幕右侧边缘鼠标显示问题
*#支持任意窗口显示
*#增加窗口类型常量预定义
*#增加窗口快速创建引擎
*-----------------------------------------------------------
* ·日期：2019-3-21      作者：年年软件
*===========================================================
*===================NNOS-14a================================
*#提高图层叠加刷新速度，只刷新变化的像素
*-----------------------------------------------------------
* ·日期：2019-3-17~20      作者：年年软件
*===========================================================
*===================NNOS-13b================================
*#新增memery.c
*#内存管理4K对齐
*#鼠标窗口叠加处理
*#废弃害群之马screen结构体,永不启用(此结构体耽误本人三天时间)
*-----------------------------------------------------------
* ·日期：2019-3-17~20      作者：年年软件
*===========================================================
*===================NNOS-12b&c&d============================
*#内存容量检查
*#内存管理系统
*-----------------------------------------------------------
* ·日期：2019-3-15      作者：年年软件
*===========================================================
*===================NNOS-12a================================
*#启动并重置SCREEN结构体
*#重构源文件，分割源文件
*#新增graphics.c，用于迁移所有图形相关函数
*#新增devices.c，用于迁移所有设备相关函数
*#新增gdt&idt.c，用于迁移GDT和IDT相关函数
*#独立备注信息为文件./ini/notes.txt
*#升级getnas.exe使之适应新的syshead
*#升级Makefile文件，使之适应源文件拆分
*#优化对Linux编译环境的兼容
*#修改run_win.bat，加快编译速度
*-----------------------------------------------------------
* ·日期：2019-3-15      作者：年年软件
*============================================================
* ===================NNOS-11d================================
*#支持鼠标移动
* -----------------------------------------------------------
* ·日期：2019-3-15      作者：年年软件
* ===========================================================
* ===================NNOS-11a&b&c============================
*#解读鼠标中断数据
* -----------------------------------------------------------
* ·日期：2019-3-14      作者：年年软件
* ===========================================================
* ===================NNOS-10f&g==============================
*#处理鼠标中断
*#初始化键盘控制器
*#将键盘控制器切换到鼠标模式
*#获取鼠标、键盘中断数据
* -----------------------------------------------------------
* ·日期：2019-3-14      作者：年年软件
* ===========================================================
* ===================NNOS-10b&c&d&e==========================
*#继续处理鼠标、键盘中断
*#获取按键编码
*#中断处理优化
*#FIFO缓冲区
*#从鼠标接收数据
*#修复鼠标键盘中断处理器无响应漏洞((KB00000001))
* -----------------------------------------------------------
* ·日期：2019-3-13      作者：年年软件
* ===========================================================
* ===================NNOS-10a================================
*#继续处理鼠标、键盘中断
*#获取按键编码
*#中断处理优化
*#FIFO缓冲区
*#从鼠标接收数据
*#修复鼠标键盘中断处理器无响应漏洞((KB00000001))
* -----------------------------------------------------------
* ·日期：2019-3-13      作者：年年软件
* ===========================================================
* ===================NNOS-09e================================
*#处理鼠标、键盘中断
*#升级Makefile
* -----------------------------------------------------------
* ·日期：2019-3-12      作者：年年软件
* ===========================================================
* ===================NNOS-09d================================
*#初始化PIC(Programmable interrupt controler，可编程中断控制器)
*#支持鼠标指针移动
*#新增nnos.h，用于系统函数声明
*#废弃osfun.h，合并到nnos.h
* -----------------------------------------------------------
* ·日期：2019-3-12      作者：年年软件
* ===========================================================
 *===================NNOS-09a&b&c============================
 *#优化Makefile
 *#重构源代码
 *#中断处理程序
 *#废弃显卡信息结构体,合并到BOOT_INFO
 *#废弃屏幕信息结构体,合并到BOOT_INFO
 *#废弃系统信息结构体,合并到BOOT_INFO
 *#优化BOOT_INFO结构体
 * -----------------------------------------------------------
 * ·日期：2019-3-12      作者：年年软件
 * ===========================================================
 * ===================NNOS-08i================================
 *#GDT初始化
 *#IDT初始化
 * -----------------------------------------------------------
 * ·日期：2019-3-12      作者：年年软件
 * ===========================================================
* ===================NNOS-08e&f==============================
*#在屏幕上显示更多字符
*#扩充字体库，支持基本ASCII码字符
*#扩种字体库，支持汉字显示(推迟)
*#移除FONT结构体，重写字体渲染引擎
* -----------------------------------------------------------
* ·日期：2019-3-11      作者：年年软件
* ===========================================================
* ===================NNOS-08d================================
*#在屏幕上显示字符
* -----------------------------------------------------------
* ·日期：2019-3-10      作者：年年软件
* ===========================================================
* [备注]ipl.asm语句合并、字体库外置读取(二进制转十六进制)
* ===========================================================
* ===================NNOS-08a&b&c============================
*#部分函数代码重构，完善结构体
*#使用指针获取实模式下保存的系统信息
*#桌面初始化函数代码重构
*#修复显存污染漏洞(KB00000000)
* -----------------------------------------------------------
* ·日期：2019-3-10      作者：年年软件
* ===========================================================
* ===================NNOS-07g================================
*#在屏幕上绘制任务栏
*#分离系统常量到syshead.h
*#新增系统结构体systructal.h
*#停机代码独立为函数
*#删除测试函数、清除冗余注释
*#新增初始化桌面函数
*#画板增强，支持RGB绘图（速度慢）[暂时作废]
*#增加代码段注释说明
*#合并显卡常量到系统常量
*#部分函数代码重构，增加结构体
*#升级getnas源码转换程序，完善它的提示信息
* -----------------------------------------------------------
* ·日期：2019-3-9      作者：年年软件
* ===========================================================
* ===================NNOS-07g================================
*#在屏幕上绘制矩图案
* -----------------------------------------------------------
* ·日期：2019-3-9      作者：年年软件
 * ===========================================================
* ===================NNOS-07f================================
*#升级颜色模式，由8位256色调整到16位真色彩
*#新增I/O中断屏蔽、恢复函数、8位、16位、32位输入输出函数
*#新增EFLAGS标志寄存器保存和恢复函数（用于中断和中断恢复）
* -----------------------------------------------------------
* ·日期：2019-3-9      作者：年年软件
* ===========================================================
* ===================NNOS-07e================================
* ===================NNOS-07d================================
*#将(00001111)写满显存，使显示器由白变为彩色花纹屏
*#使用C语言指针的不同形式写入
* -----------------------------------------------------------
* ·日期：2019-3-9      作者：年年软件
* ===========================================================
* ===================NNOS-07c================================
* ===================NNOS-07b================================
*#将(00001111)写满显存，使显示器由白变为彩色花纹屏
*使用C语言指针代替write_mem8()函数
* -----------------------------------------------------------
* ·日期：2019-3-9      作者：年年软件
* ===========================================================
* ===================NNOS-07a================================
*#升级osfun，增加"write_mem8"函数，用于写入内存
*#将(00001111)写满显存，使显示器由黑屏变为白屏
* -----------------------------------------------------------
* ·日期：2019-3-9      作者：年年软件
* ===========================================================
* ===================NNOS-06j================================
*#由汇编语言进入C语言开发阶段，由实模式切换到32位保护模式
*#升级Makefile文件，支持c语言到汇编的转换、编译和链接自动化
*#修改Makefile文件，兼容Liunx
*#新增osfun文件，使用汇编语言完成部分C语言无法完成的函数
* 这些函数将在编译链接时时自动链接
* -----------------------------------------------------------
* ·日期：2019-3-8      作者：年年软件
* ===========================================================
;===================NNOS-06i======================
;#[功能更新]由汇编语言进入C语言开发阶段
;           由实模式切换到32位保护模式
;           修改Makefile兼容Linux
;           新增getnas程序，自动将nasm程序转换为
;           nask程序，兼容nask和nasm
;#[运行结果]NNOS切换到了32位保护模式运行   
;=================================================
;===================NNOS-06h======================
;#[功能更新]调用硬件BIOS函数获取硬件状态
;           设置显卡模式、获取键盘状态
;           保存硬件状态信息备用
;#[主要改动]引导程序添加对各个BIOS函数的调用
;#[运行结果]NNOS获取到硬件状态并保存在了内存中    
;=================================================
;===================NNOS-06g======================
;#[功能更新]引导程序启动后，转而运行NNOS
;           NNOS显示系统画面
;           磁盘装载结束地址存入内存0x0ff0
;#[主要改动]引导程序添加到NNOS装载位置的跳转
;#[运行结果]NNOS在屏幕上显示画面      
;=================================================
;===================NNOS-06f======================
;#[功能更新]引导程序启动后，转而运行NNOS
;#[主要改动]引导程序添加到NNOS装载位置的跳转
;#[运行结果]运行结果不可见         
;=================================================
;===================NNOS-06e======================
;#[功能更新]引导区(启动区)已完工。
;           进入操作系统开发阶段。
;           引导区读盘，启动NNOS
;#[主要改动]着手开发NNOS，CPU停机，无限循环
;           升级，重构、优化Makefile
;#[运行结果]引导NNOS启动成功         
;=================================================
;===================NNOS-06d======================
;#[主要更新]中级读盘测试，读到第18扇区的下一个扇区,
;           即磁盘反面的C0-H1-S1，从0xa400读入，
;           按顺序读到C0-H1-S18,再继续读盘到
;           C9-H1-S18
;#[运行流程]启动装载器→程序核心入口→读盘→显示信息
;=================================================
;===================NNOS-06c======================
;#[主要更新]初级读盘测试，读到第18扇区
;#[运行流程]启动装载器→程序核心入口→读盘→显示信息
;#[运行结果]磁盘C0-H0-S2~C0-H0-S18共17个扇区、
;           512*17=8704字节被装入了内存的
;           0x8200~0xa3ff区域
;=================================================
;===================NNOS-06b======================
;#[主要更新]磁盘初始化测试，初始化磁盘
;#[运行流程]启动装载器→程序核心入口→磁盘初始化
;=================================================
;===================NNOS-06a======================
;#[主要更新]完善Makefile自动化程序，简化开发
;           兼容Windows和Linux
;           使用批处理初始化Makefile
;           使用批处理和Makefile将asm转换为nas
;#[运行流程]将所有批处理命令移植到Makefile，
;           Makefile初始化程序除外。
;#[更新日期]
;=================================================
;===================NNOS-05======================
;#[主要更新]引入Makefile
;           使用Makefile自动编译，简化开发
;#[运行流程]将所有批处理命令移植到Makefile
;=================================================
;===================NNOS-04======================
;#[主要更新]编写处理源文件的批处理程序
;           使用批处理程序自动编译，简化开发
;=================================================
;===================NNOS-03======================
;#[主要更新]继续完善简易系统引导程序
;            编译生成img文件，在裸机运行
;#[运行结果]在裸机屏幕上显示大量字符串信息
;=================================================
;===================NNOS-02======================
;#[主要更新]编写简易系统引导程序
;            编译生成img文件，在裸机运行
;#[运行结果]在裸机屏幕上显示大量字符串信息
;=================================================
;===================NNOS-01b======================
;#[主要更新]用汇编语言完全重写十六进制代码，
;            编译生成img文件，在裸机运行
;#[运行结果]在裸机屏幕上显示少量字符串信息
;=================================================
;===================NNOS-01a======================
;#[主要更新]使用汇编语言的DB命令重写十六进制代码
;           用汇编语言的TIMS命令填0，代替手动输入
;            编译生成img文件，在裸机运行
;#[运行结果]在裸机屏幕上显示少量字符串信息
;=================================================
;===================NNOS-00======================
;#[主要更新]使用机器语言编写可在逻辑运行的测试程序
;#[运行流程]使用十六进制编辑器直接写机器语言
;           文件格式为img，直接在虚拟机上运行
;#[运行结果]在裸机屏幕上显示少量字符串信息
;=================================================
